<?xml version="1.0" encoding="UTF-8"?>
<!-- Generated by org.testng.reporters.JUnitReportReporter -->
<testsuite hostname="MADDY" failures="0" tests="1" name="org.avinash.HybriedTC_05" time="43.038" errors="0" timestamp="2024-03-10T13:02:41 IST" skipped="0">
  <testcase classname="org.avinash.HybriedTC_05" name="Browser" time="43.038"/>
  <system-out/>
</testsuite> <!-- org.avinash.HybriedTC_05 -->
